<?xml version="1.0" encoding="UTF-8"?>
<!-- Generated by org.testng.reporters.JUnitXMLReporter -->
<testsuite ignored="0" hostname="Vetrivendans-MacBook-Air.local" failures="1" tests="4" name="Error validations test" time="26.671" errors="0" timestamp="2025-03-18T23:41:43 AEDT">
  <testcase classname="SeleniumFrameworkDesign.Tests.ErrorValidationsTest" name="LoginErrorValidation" time="0.405">
    <skipped/>
  </testcase> <!-- LoginErrorValidation -->
  <testcase classname="SeleniumFrameworkDesign.Tests.ErrorValidationsTest" name="LoginErrorValidation" time="0.863">
    <skipped/>
  </testcase> <!-- LoginErrorValidation -->
  <testcase classname="SeleniumFrameworkDesign.Tests.ErrorValidationsTest" name="LoginErrorValidation" time="0.857">
    <failure type="java.lang.AssertionError" message="expected [Incorrect email or password.----] but found [Incorrect email or password.]">
      <![CDATA[java.lang.AssertionError: expected [Incorrect email or password.----] but found [Incorrect email or password.]
at SeleniumFrameworkDesign.Tests.ErrorValidationsTest.LoginErrorValidation(ErrorValidationsTest.java:28)
at java.base/java.util.ArrayList.forEach(ArrayList.java:1596)
at java.base/java.util.concurrent.FutureTask.run(FutureTask.java:317)
at java.base/java.util.concurrent.ThreadPoolExecutor.runWorker(ThreadPoolExecutor.java:1144)
at java.base/java.util.concurrent.ThreadPoolExecutor$Worker.run(ThreadPoolExecutor.java:642)
at java.base/java.lang.Thread.run(Thread.java:1583)
... Removed 21 stack frames]]>
    </failure>
  </testcase> <!-- LoginErrorValidation -->
  <testcase classname="SeleniumFrameworkDesign.Tests.ErrorValidationsTest" name="ProductErrorValidation" time="2.433"/>
</testsuite> <!-- Error validations test -->
